Using pre-set license
Built from '2021.3/staging' branch; Version is '2021.3.19f1 (c9714fde33b6) revision 13201743'; Using compiler version '192829333'; Build Type 'Release'
OS: 'Windows 10  (10.0.19045) 64bit Core' Language: 'uk' Physical Memory: 8060 MB
BatchMode: 1, IsHumanControllingUs: 0, StartBugReporterOnCrash: 0, Is64bit: 1, IsPro: 1

COMMAND LINE ARGUMENTS:
C:\Program Files\Unity\Hub\Editor\2021.3.19f1\Editor\Unity.exe
-adb2
-batchMode
-noUpm
-name
AssetImportWorker1
-projectPath
D:/Unity/RPG-Game/RPGGame
-logFile
Logs/AssetImportWorker1.log
-srvPort
57572
Successfully changed project path to: D:/Unity/RPG-Game/RPGGame
D:/Unity/RPG-Game/RPGGame
[UnityMemory] Configuration Parameters - Can be set up in boot.config
    "memorysetup-bucket-allocator-granularity=16"
    "memorysetup-bucket-allocator-bucket-count=8"
    "memorysetup-bucket-allocator-block-size=33554432"
    "memorysetup-bucket-allocator-block-count=8"
    "memorysetup-main-allocator-block-size=16777216"
    "memorysetup-thread-allocator-block-size=16777216"
    "memorysetup-gfx-main-allocator-block-size=16777216"
    "memorysetup-gfx-thread-allocator-block-size=16777216"
    "memorysetup-cache-allocator-block-size=4194304"
    "memorysetup-typetree-allocator-block-size=2097152"
    "memorysetup-profiler-bucket-allocator-granularity=16"
    "memorysetup-profiler-bucket-allocator-bucket-count=8"
    "memorysetup-profiler-bucket-allocator-block-size=33554432"
    "memorysetup-profiler-bucket-allocator-block-count=8"
    "memorysetup-profiler-allocator-block-size=16777216"
    "memorysetup-profiler-editor-allocator-block-size=1048576"
    "memorysetup-temp-allocator-size-main=16777216"
    "memorysetup-job-temp-allocator-block-size=2097152"
    "memorysetup-job-temp-allocator-block-size-background=1048576"
    "memorysetup-job-temp-allocator-reduction-small-platforms=262144"
    "memorysetup-temp-allocator-size-background-worker=32768"
    "memorysetup-temp-allocator-size-job-worker=262144"
    "memorysetup-temp-allocator-size-preload-manager=33554432"
    "memorysetup-temp-allocator-size-nav-mesh-worker=65536"
    "memorysetup-temp-allocator-size-audio-worker=65536"
    "memorysetup-temp-allocator-size-cloud-worker=32768"
    "memorysetup-temp-allocator-size-gi-baking-worker=262144"
    "memorysetup-temp-allocator-size-gfx=262144"
Player connection [29768] Host "[IP] 192.168.28.1 [Port] 0 [Flags] 2 [Guid] 1088096564 [EditorId] 1088096564 [Version] 1048832 [Id] WindowsEditor(7,DESKTOP-C2K7U42) [Debug] 1 [PackageName] WindowsEditor [ProjectName] Editor" joined multi-casting on [225.0.0.222:54997]...

Player connection [29768] Host "[IP] 192.168.28.1 [Port] 0 [Flags] 2 [Guid] 1088096564 [EditorId] 1088096564 [Version] 1048832 [Id] WindowsEditor(7,DESKTOP-C2K7U42) [Debug] 1 [PackageName] WindowsEditor [ProjectName] Editor" joined alternative multi-casting on [225.0.0.222:34997]...

Refreshing native plugins compatible for Editor in 126.11 ms, found 3 plugins.
Preloading 0 native plugins for Editor in 0.00 ms.
Initialize engine version: 2021.3.19f1 (c9714fde33b6)
[Subsystems] Discovering subsystems at path C:/Program Files/Unity/Hub/Editor/2021.3.19f1/Editor/Data/Resources/UnitySubsystems
[Subsystems] Discovering subsystems at path D:/Unity/RPG-Game/RPGGame/Assets
GfxDevice: creating device client; threaded=0; jobified=0
Direct3D:
    Version:  Direct3D 11.0 [level 11.1]
    Renderer: NVIDIA GeForce MX250 (ID=0x1d13)
    Vendor:   NVIDIA
    VRAM:     1983 MB
    Driver:   30.0.14.9729
Initialize mono
Mono path[0] = 'C:/Program Files/Unity/Hub/Editor/2021.3.19f1/Editor/Data/Managed'
Mono path[1] = 'C:/Program Files/Unity/Hub/Editor/2021.3.19f1/Editor/Data/MonoBleedingEdge/lib/mono/unityjit-win32'
Mono config path = 'C:/Program Files/Unity/Hub/Editor/2021.3.19f1/Editor/Data/MonoBleedingEdge/etc'
Using monoOptions --debugger-agent=transport=dt_socket,embedding=1,server=y,suspend=n,address=127.0.0.1:56040
Begin MonoManager ReloadAssembly
Registering precompiled unity dll's ...
Register platform support module: C:/Program Files/Unity/Hub/Editor/2021.3.19f1/Editor/Data/PlaybackEngines/WebGLSupport/UnityEditor.WebGL.Extensions.dll
Register platform support module: C:/Program Files/Unity/Hub/Editor/2021.3.19f1/Editor/Data/PlaybackEngines/AndroidPlayer/UnityEditor.Android.Extensions.dll
Register platform support module: C:/Program Files/Unity/Hub/Editor/2021.3.19f1/Editor/Data/PlaybackEngines/WindowsStandaloneSupport/UnityEditor.WindowsStandalone.Extensions.dll
Register platform support module: C:/Program Files/Unity/Hub/Editor/2021.3.19f1/Editor/Data/PlaybackEngines/MetroSupport/UnityEditor.UWP.Extensions.dll
Registered in 0.014257 seconds.
Native extension for UWP target not found
Native extension for WindowsStandalone target not found
Native extension for Android target not found
Android Extension - Scanning For ADB Devices 351 ms
Native extension for WebGL target not found
Refreshing native plugins compatible for Editor in 128.87 ms, found 3 plugins.
Preloading 0 native plugins for Editor in 0.00 ms.
Mono: successfully reloaded assembly
- Completed reload, in  1.280 seconds
Domain Reload Profiling:
	ReloadAssembly (1281ms)
		BeginReloadAssembly (139ms)
			ExecutionOrderSort (0ms)
			DisableScriptedObjects (0ms)
			BackupInstance (0ms)
			ReleaseScriptingObjects (0ms)
			CreateAndSetChildDomain (1ms)
		EndReloadAssembly (982ms)
			LoadAssemblies (138ms)
			RebuildTransferFunctionScriptingTraits (0ms)
			SetupTypeCache (137ms)
			ReleaseScriptCaches (0ms)
			RebuildScriptCaches (33ms)
			SetupLoadedEditorAssemblies (752ms)
				LogAssemblyErrors (0ms)
				InitializePlatformSupportModulesInManaged (457ms)
				SetLoadedEditorAssemblies (0ms)
				RefreshPlugins (129ms)
				BeforeProcessingInitializeOnLoad (1ms)
				ProcessInitializeOnLoadAttributes (113ms)
				ProcessInitializeOnLoadMethodAttributes (51ms)
				AfterProcessingInitializeOnLoad (0ms)
				EditorAssembliesLoaded (0ms)
			ExecutionOrderSort2 (0ms)
			AwakeInstancesAfterBackupRestoration (0ms)
Platform modules already initialized, skipping
Registering precompiled user dll's ...
Registered in 0.002973 seconds.
Begin MonoManager ReloadAssembly
Symbol file LoadedFromMemory doesn't match image D:\Unity\RPG-Game\RPGGame\Library\PackageCache\com.unity.visualscripting@1.8.0\Editor\VisualScripting.Core\Dependencies\YamlDotNet\Unity.VisualScripting.YamlDotNet.dll
Symbol file LoadedFromMemory doesn't match image D:\Unity\RPG-Game\RPGGame\Library\PackageCache\com.unity.visualscripting@1.8.0\Editor\VisualScripting.Core\Dependencies\DotNetZip\Unity.VisualScripting.IonicZip.dll
Native extension for UWP target not found
Native extension for WindowsStandalone target not found
Native extension for Android target not found
Native extension for WebGL target not found
Refreshing native plugins compatible for Editor in 0.66 ms, found 3 plugins.
Preloading 0 native plugins for Editor in 0.00 ms.
Mono: successfully reloaded assembly
- Completed reload, in  1.405 seconds
Domain Reload Profiling:
	ReloadAssembly (1406ms)
		BeginReloadAssembly (156ms)
			ExecutionOrderSort (0ms)
			DisableScriptedObjects (6ms)
			BackupInstance (0ms)
			ReleaseScriptingObjects (0ms)
			CreateAndSetChildDomain (43ms)
		EndReloadAssembly (1111ms)
			LoadAssemblies (138ms)
			RebuildTransferFunctionScriptingTraits (0ms)
			SetupTypeCache (371ms)
			ReleaseScriptCaches (1ms)
			RebuildScriptCaches (62ms)
			SetupLoadedEditorAssemblies (485ms)
				LogAssemblyErrors (0ms)
				InitializePlatformSupportModulesInManaged (28ms)
				SetLoadedEditorAssemblies (0ms)
				RefreshPlugins (1ms)
				BeforeProcessingInitializeOnLoad (104ms)
				ProcessInitializeOnLoadAttributes (316ms)
				ProcessInitializeOnLoadMethodAttributes (26ms)
				AfterProcessingInitializeOnLoad (10ms)
				EditorAssembliesLoaded (0ms)
			ExecutionOrderSort2 (0ms)
			AwakeInstancesAfterBackupRestoration (9ms)
Platform modules already initialized, skipping
========================================================================
Worker process is ready to serve import requests
Launched and connected shader compiler UnityShaderCompiler.exe after 0.06 seconds
Refreshing native plugins compatible for Editor in 0.69 ms, found 3 plugins.
Preloading 0 native plugins for Editor in 0.00 ms.
Unloading 3455 Unused Serialized files (Serialized files now loaded: 0)
Unloading 25 unused Assets / (173.3 KB). Loaded Objects now: 3925.
Memory consumption went from 127.3 MB to 127.1 MB.
Total: 3.385600 ms (FindLiveObjects: 0.335200 ms CreateObjectMapping: 0.298800 ms MarkObjects: 2.597600 ms  DeleteObjects: 0.152600 ms)

AssetImportParameters requested are different than current active one (requested -> active):
  custom:video-decoder-ogg-theora: a1e56fd34408186e4bbccfd4996cb3dc -> 
  custom:container-muxer-webm: aa71ff27fc2769a1b78a27578f13a17b -> 
  custom:container-demuxer-webm: 4f35f7cbe854078d1ac9338744f61a02 -> 
  custom:video-encoder-webm-vp8: eb34c28f22e8b96e1ab97ce403110664 -> 
  custom:audio-encoder-webm-vorbis: bf7c407c2cedff20999df2af8eb42d56 -> 
  custom:framework-win-MediaFoundation: 216162199b28c13a410421893ffa2e32 -> 
  custom:container-demuxer-ogg: 62fdf1f143b41e24485cea50d1cbac27 -> 
  custom:video-decoder-webm-vp8: 9c59270c3fd7afecdb556c50c9e8de78 -> 
  custom:audio-decoder-ogg-vorbis: bf7c407c2cedff20999df2af8eb42d56 -> 
========================================================================
Received Import Request.
  Time since last request: 1792159.279474 seconds.
  path: Assets/Props/Prefabs/Props/Furniture
  artifactKey: Guid(8b89d50e424940a4b7822bfd95705d26) Importer(815301076,1909f56bfc062723c751e8b465ee728b)
Start importing Assets/Props/Prefabs/Props/Furniture using Guid(8b89d50e424940a4b7822bfd95705d26) Importer(815301076,1909f56bfc062723c751e8b465ee728b)  -> (artifact id: '8c21f52828abc5ae8ee61428762b8792') in 0.009612 seconds 
========================================================================
Received Import Request.
  Time since last request: 0.000029 seconds.
  path: Assets/Props/Prefabs/Props/Furniture/Cupboard_03.prefab
  artifactKey: Guid(dbd2951b893941f1821fa65212a274cd) Importer(815301076,1909f56bfc062723c751e8b465ee728b)
Start importing Assets/Props/Prefabs/Props/Furniture/Cupboard_03.prefab using Guid(dbd2951b893941f1821fa65212a274cd) Importer(815301076,1909f56bfc062723c751e8b465ee728b)  -> (artifact id: '59f9ca02c38f4c7a2923a8000f9a1b8b') in 0.698609 seconds 
========================================================================
Received Import Request.
  Time since last request: 0.000209 seconds.
  path: Assets/Props/Prefabs/Props/Furniture/Cupboard_02.prefab
  artifactKey: Guid(1190fd8687304efb8e8af180203c5fb5) Importer(815301076,1909f56bfc062723c751e8b465ee728b)
Start importing Assets/Props/Prefabs/Props/Furniture/Cupboard_02.prefab using Guid(1190fd8687304efb8e8af180203c5fb5) Importer(815301076,1909f56bfc062723c751e8b465ee728b)  -> (artifact id: '85d4557943c79aacdcb29c84823f745e') in 0.102995 seconds 
========================================================================
Received Import Request.
  Time since last request: 0.000109 seconds.
  path: Assets/Props/Prefabs/Props/Furniture/Table_Preset_01.prefab
  artifactKey: Guid(1c622154ca804fc7884d0df9b51f903d) Importer(815301076,1909f56bfc062723c751e8b465ee728b)
Start importing Assets/Props/Prefabs/Props/Furniture/Table_Preset_01.prefab using Guid(1c622154ca804fc7884d0df9b51f903d) Importer(815301076,1909f56bfc062723c751e8b465ee728b)  -> (artifact id: '5372fff6a7bc30c53389d32567e4d75f') in 0.150965 seconds 
========================================================================
Received Import Request.
  Time since last request: 0.000056 seconds.
  path: Assets/Props/Prefabs/Props/Furniture/Shelf_Preset_03.prefab
  artifactKey: Guid(b8606597093e47dbb476bdb09448f37f) Importer(815301076,1909f56bfc062723c751e8b465ee728b)
Start importing Assets/Props/Prefabs/Props/Furniture/Shelf_Preset_03.prefab using Guid(b8606597093e47dbb476bdb09448f37f) Importer(815301076,1909f56bfc062723c751e8b465ee728b)  -> (artifact id: 'b00663d504c71b560006c9f0679d7109') in 0.112901 seconds 
========================================================================
Received Import Request.
  Time since last request: 0.000299 seconds.
  path: Assets/Props/Prefabs/Props/Furniture/Shelf_01.prefab
  artifactKey: Guid(0204815ed6d44124b96dba2ddd5ec69e) Importer(815301076,1909f56bfc062723c751e8b465ee728b)
Start importing Assets/Props/Prefabs/Props/Furniture/Shelf_01.prefab using Guid(0204815ed6d44124b96dba2ddd5ec69e) Importer(815301076,1909f56bfc062723c751e8b465ee728b)  -> (artifact id: '6e18daff942093c4d15915cf75fa6fea') in 0.108357 seconds 
========================================================================
Received Import Request.
  Time since last request: 0.000082 seconds.
  path: Assets/Props/Prefabs/Props/Furniture/Drawer_Preset_01.prefab
  artifactKey: Guid(ba54338b1750435fa5051af844563833) Importer(815301076,1909f56bfc062723c751e8b465ee728b)
Start importing Assets/Props/Prefabs/Props/Furniture/Drawer_Preset_01.prefab using Guid(ba54338b1750435fa5051af844563833) Importer(815301076,1909f56bfc062723c751e8b465ee728b)  -> (artifact id: '81e2809af4442be77879e9ceaddbb4ea') in 0.125637 seconds 
========================================================================
Received Import Request.
  Time since last request: 0.000039 seconds.
  path: Assets/Props/Prefabs/Props/Furniture/Cupboard_Big_Preset_01.prefab
  artifactKey: Guid(662dc20108624032b4ce7f54157a9ac2) Importer(815301076,1909f56bfc062723c751e8b465ee728b)
Start importing Assets/Props/Prefabs/Props/Furniture/Cupboard_Big_Preset_01.prefab using Guid(662dc20108624032b4ce7f54157a9ac2) Importer(815301076,1909f56bfc062723c751e8b465ee728b)  -> (artifact id: 'fe582920bd1cfac6581d2f2f78b62099') in 0.063000 seconds 
========================================================================
Received Import Request.
  Time since last request: 0.000139 seconds.
  path: Assets/Props/Prefabs/Props/Furniture/Rostrum_Preset_01.prefab
  artifactKey: Guid(663177e7db344bd692306990641ca5e1) Importer(815301076,1909f56bfc062723c751e8b465ee728b)
Start importing Assets/Props/Prefabs/Props/Furniture/Rostrum_Preset_01.prefab using Guid(663177e7db344bd692306990641ca5e1) Importer(815301076,1909f56bfc062723c751e8b465ee728b)  -> (artifact id: '30e64c31db577939b3bf2f7930ac0d7e') in 0.081858 seconds 
========================================================================
Received Import Request.
  Time since last request: 0.000040 seconds.
  path: Assets/Props/Prefabs/Props/Furniture/Table_Preset_03.prefab
  artifactKey: Guid(065f770c0c58456e929d9ea17079d78d) Importer(815301076,1909f56bfc062723c751e8b465ee728b)
Start importing Assets/Props/Prefabs/Props/Furniture/Table_Preset_03.prefab using Guid(065f770c0c58456e929d9ea17079d78d) Importer(815301076,1909f56bfc062723c751e8b465ee728b)  -> (artifact id: '9f4a526cfb1d3b6fcade7b407340bb7a') in 0.095633 seconds 
========================================================================
Received Import Request.
  Time since last request: 0.000025 seconds.
  path: Assets/Props/Prefabs/Props/Furniture/Cupboard_Preset_07.prefab
  artifactKey: Guid(05321276d9d746b7b382f6d02305b9c4) Importer(815301076,1909f56bfc062723c751e8b465ee728b)
Start importing Assets/Props/Prefabs/Props/Furniture/Cupboard_Preset_07.prefab using Guid(05321276d9d746b7b382f6d02305b9c4) Importer(815301076,1909f56bfc062723c751e8b465ee728b)  -> (artifact id: '81144a13bb176e85cf5f27cee0d4c00f') in 0.083978 seconds 
========================================================================
Received Import Request.
  Time since last request: 0.000148 seconds.
  path: Assets/Props/Prefabs/Props/Furniture/Shelf_Preset_01.prefab
  artifactKey: Guid(b1dddcd355c246b6b4f0139d24727cc3) Importer(815301076,1909f56bfc062723c751e8b465ee728b)
Start importing Assets/Props/Prefabs/Props/Furniture/Shelf_Preset_01.prefab using Guid(b1dddcd355c246b6b4f0139d24727cc3) Importer(815301076,1909f56bfc062723c751e8b465ee728b)  -> (artifact id: '0af848b1b952dbe6dbaffe0bc6e52d3e') in 0.078831 seconds 
========================================================================
Received Import Request.
  Time since last request: 0.000038 seconds.
  path: Assets/Props/Prefabs/Props/Furniture/Table_Preset_06.prefab
  artifactKey: Guid(1fba721680014217bdaceed4f6fe154d) Importer(815301076,1909f56bfc062723c751e8b465ee728b)
Start importing Assets/Props/Prefabs/Props/Furniture/Table_Preset_06.prefab using Guid(1fba721680014217bdaceed4f6fe154d) Importer(815301076,1909f56bfc062723c751e8b465ee728b)  -> (artifact id: '411689fca7b4f893c94fe550b1f9b9b9') in 0.068121 seconds 
========================================================================
Received Import Request.
  Time since last request: 0.000051 seconds.
  path: Assets/Props/Prefabs/Props/Furniture/Cupboard_Big_Preset_02.prefab
  artifactKey: Guid(0648a8654321442ba88d4834921d373a) Importer(815301076,1909f56bfc062723c751e8b465ee728b)
Start importing Assets/Props/Prefabs/Props/Furniture/Cupboard_Big_Preset_02.prefab using Guid(0648a8654321442ba88d4834921d373a) Importer(815301076,1909f56bfc062723c751e8b465ee728b)  -> (artifact id: '07b10ca2c5514c81ee16ead7e569ba09') in 0.084813 seconds 
========================================================================
Received Import Request.
  Time since last request: 0.000034 seconds.
  path: Assets/Props/Prefabs/Props/Furniture/Cupboard_Preset_09.prefab
  artifactKey: Guid(7084b5a21de241c98d3a4063be79c075) Importer(815301076,1909f56bfc062723c751e8b465ee728b)
Start importing Assets/Props/Prefabs/Props/Furniture/Cupboard_Preset_09.prefab using Guid(7084b5a21de241c98d3a4063be79c075) Importer(815301076,1909f56bfc062723c751e8b465ee728b)  -> (artifact id: '823481b5b41dda61d148f456adade240') in 0.113782 seconds 
========================================================================
Received Import Request.
  Time since last request: 0.000037 seconds.
  path: Assets/Props/Prefabs/Props/Furniture/Cupboard_04.prefab
  artifactKey: Guid(7d6463315d4e403f9ccc2aea0d6ecc77) Importer(815301076,1909f56bfc062723c751e8b465ee728b)
Start importing Assets/Props/Prefabs/Props/Furniture/Cupboard_04.prefab using Guid(7d6463315d4e403f9ccc2aea0d6ecc77) Importer(815301076,1909f56bfc062723c751e8b465ee728b)  -> (artifact id: 'af7dd90a3512259896d9d86250195d98') in 0.121680 seconds 
========================================================================
Received Import Request.
  Time since last request: 0.000051 seconds.
  path: Assets/Props/Prefabs/Props/Furniture/Rostrum_01.prefab
  artifactKey: Guid(f8eaf7aab1f841ffa2a822ddbbe33ac7) Importer(815301076,1909f56bfc062723c751e8b465ee728b)
Start importing Assets/Props/Prefabs/Props/Furniture/Rostrum_01.prefab using Guid(f8eaf7aab1f841ffa2a822ddbbe33ac7) Importer(815301076,1909f56bfc062723c751e8b465ee728b)  -> (artifact id: '3b259c0b5b5fb71d388b86726c1b350e') in 0.080951 seconds 
========================================================================
Received Import Request.
  Time since last request: 0.000031 seconds.
  path: Assets/Props/Prefabs/Props/Furniture/Bench_01.prefab
  artifactKey: Guid(37c3c9bac33a4b9dafcace5d47746041) Importer(815301076,1909f56bfc062723c751e8b465ee728b)
Start importing Assets/Props/Prefabs/Props/Furniture/Bench_01.prefab using Guid(37c3c9bac33a4b9dafcace5d47746041) Importer(815301076,1909f56bfc062723c751e8b465ee728b)  -> (artifact id: 'e644ba103db94cd9dc67a9d0977e84a8') in 0.066912 seconds 
========================================================================
Received Import Request.
  Time since last request: 0.000034 seconds.
  path: Assets/Props/Prefabs/Props/Furniture/Shelf_Preset_04.prefab
  artifactKey: Guid(d7a5e14202ef45918353047c81112c8a) Importer(815301076,1909f56bfc062723c751e8b465ee728b)
Start importing Assets/Props/Prefabs/Props/Furniture/Shelf_Preset_04.prefab using Guid(d7a5e14202ef45918353047c81112c8a) Importer(815301076,1909f56bfc062723c751e8b465ee728b)  -> (artifact id: 'bec22a82742490585df82f0eb4d82a7d') in 0.091974 seconds 
========================================================================
Received Import Request.
  Time since last request: 0.000027 seconds.
  path: Assets/Props/Prefabs/Props/Furniture/Cupboard_Preset_01.prefab
  artifactKey: Guid(7ffc0d413ee44a1da7ef41392c80053d) Importer(815301076,1909f56bfc062723c751e8b465ee728b)
Start importing Assets/Props/Prefabs/Props/Furniture/Cupboard_Preset_01.prefab using Guid(7ffc0d413ee44a1da7ef41392c80053d) Importer(815301076,1909f56bfc062723c751e8b465ee728b)  -> (artifact id: '629cc7ddd56541c7b36076f0e9e78640') in 0.065447 seconds 
